<?xml version="1.0" encoding="UTF-8"?>
<!-- Generated by org.testng.reporters.JUnitReportReporter -->
<testsuite hostname="LAPTOP-AFO4I6I2" failures="0" tests="7" name="allure.allurereport" time="12.992" errors="0" timestamp="2022-09-08T15:30:26 IST" skipped="0">
  <testcase classname="allure.allurereport" name="Login_Credentials" time="3.573"/>
  <system-out/>
  <testcase classname="allure.allurereport" name="Captcha" time="2.480"/>
  <system-out/>
  <testcase classname="allure.allurereport" name="Question_Bank_Report" time="3.621"/>
  <system-out/>
  <testcase classname="allure.allurereport" name="Question_Bank_Moderator_Report" time="0.884"/>
  <system-out/>
  <testcase classname="allure.allurereport" name="Paper_Setter_Details" time="1.618"/>
  <system-out/>
  <testcase classname="allure.allurereport" name="Moderator_Details" time="0.380"/>
  <system-out/>
  <testcase classname="allure.allurereport" name="Paper_Setter_Not_Confirmed" time="0.436"/>
  <system-out/>
</testsuite> <!-- allure.allurereport -->
